#
# There is insufficient memory for the Java Runtime Environment to continue.
# Native memory allocation (mmap) failed to map 134217728 bytes for Failed to commit area from 0x0000000081400000 to 0x0000000089400000 of length 134217728.
# Possible reasons:
#   The system is out of physical RAM or swap space
#   The process is running with CompressedOops enabled, and the Java Heap may be blocking the growth of the native heap
# Possible solutions:
#   Reduce memory load on the system
#   Increase physical memory or swap space
#   Check if swap backing store is full
#   Decrease Java heap size (-Xmx/-Xms)
#   Decrease number of Java threads
#   Decrease Java thread stack sizes (-Xss)
#   Set larger code cache with -XX:ReservedCodeCacheSize=
# This output file may be truncated or incomplete.
#
#  Out of Memory Error (./src/hotspot/os/windows/os_windows.cpp:3619), pid=15896, tid=17312
#
# JRE version:  (11.0.13+7) (build )
# Java VM: OpenJDK 64-Bit Server VM (11.0.13+7-b1751.21, mixed mode, sharing, tiered, compressed oops, g1 gc, windows-amd64)
# No core dump will be written. Minidumps are not enabled by default on client versions of Windows
#

---------------  S U M M A R Y ------------

Command Line: git4idea.http.GitAskPassApp Username for 'https://github.com': 

Host: Intel(R) Core(TM) i5-4210U CPU @ 1.70GHz, 4 cores, 7G,  Windows 10 , 64 bit Build 19041 (10.0.19041.1566)
Time: Sun Apr  3 19:43:38 2022 Eastern Daylight Time elapsed time: 0.345861 seconds (0d 0h 0m 0s)

---------------  T H R E A D  ---------------

Current thread (0x00000220c17c9800):  JavaThread "Unknown thread" [_thread_in_vm, id=17312, stack(0x000000c674100000,0x000000c674200000)]

Stack: [0x000000c674100000,0x000000c674200000]
Native frames: (J=compiled Java code, j=interpreted, Vv=VM code, C=native code)
V  [jvm.dll+0x613daa]
V  [jvm.dll+0x799b30]
V  [jvm.dll+0x79b14d]
V  [jvm.dll+0x79b823]
V  [jvm.dll+0x24c958]
V  [jvm.dll+0x610e24]
V  [jvm.dll+0x605b25]
V  [jvm.dll+0x30aaab]
V  [jvm.dll+0x30aa1a]
V  [jvm.dll+0x30a8f2]
V  [jvm.dll+0x30f856]
V  [jvm.dll+0x359143]
V  [jvm.dll+0x359846]
V  [jvm.dll+0x359243]
V  [jvm.dll+0x2e57a8]
V  [jvm.dll+0x2e6947]
V  [jvm.dll+0x776d47]
V  [jvm.dll+0x77853c]
V  [jvm.dll+0x3666c9]
V  [jvm.dll+0x75a9ce]
V  [jvm.dll+0x3d47d3]
V  [jvm.dll+0x3d6d21]
C  [jli.dll+0x536b]
C  [ucrtbase.dll+0x21bb2]
C  [KERNEL32.DLL+0x17034]
C  [ntdll.dll+0x52651]


---------------  P R O C E S S  ---------------

Threads class SMR info:
_java_thread_list=0x00000220c1698870, length=0, elements={
}

Java Threads: ( => current thread )

Other Threads:
  0x00000220c176e000 GCTaskThread "GC Thread#0" [stack: 0x000000c674200000,0x000000c674300000] [id=8676]
  0x00000220c180e000 ConcurrentGCThread "G1 Main Marker" [stack: 0x000000c674300000,0x000000c674400000] [id=2720]
  0x00000220c180f800 ConcurrentGCThread "G1 Conc#0" [stack: 0x000000c674400000,0x000000c674500000] [id=6676]

[error occurred during error reporting (printing all threads), id 0xc0000005, EXCEPTION_ACCESS_VIOLATION (0xc0000005) at pc=0x00007fff86995c97]

VM state:not at safepoint (not fully initialized)

VM Mutex/Monitor currently owned by a thread:  ([mutex/lock_event])
[0x00000220c17c4670] Heap_lock - owner thread: 0x00000220c17c9800

Heap address: 0x0000000081400000, size: 2028 MB, Compressed Oops mode: Non-zero based: 0x0000000081400000
Narrow klass base: 0x0000000000000000, Narrow klass shift: 0

GC Heap History (0 events):
No events

Deoptimization events (0 events):
No events

Classes redefined (0 events):
No events

Internal exceptions (0 events):
No events

Events (1 events):
Event: 0.144 Loaded shared library C:\Program Files\JetBrains\PyCharm 2021.3.1\jbr\bin\zip.dll


Dynamic libraries:
0x00007ff6dafd0000 - 0x00007ff6dafda000 	C:\Program Files\JetBrains\PyCharm 2021.3.1\jbr\bin\java.exe
0x00007fffc8f10000 - 0x00007fffc9105000 	C:\WINDOWS\SYSTEM32\ntdll.dll
0x00007fffc7870000 - 0x00007fffc792e000 	C:\WINDOWS\System32\KERNEL32.DLL
0x00007fffc66f0000 - 0x00007fffc69b8000 	C:\WINDOWS\System32\KERNELBASE.dll
0x00007fffc6ab0000 - 0x00007fffc6bb0000 	C:\WINDOWS\System32\ucrtbase.dll
0x00007fffb88d0000 - 0x00007fffb88e7000 	C:\Program Files\JetBrains\PyCharm 2021.3.1\jbr\bin\VCRUNTIME140.dll
0x00007fffb8820000 - 0x00007fffb8839000 	C:\Program Files\JetBrains\PyCharm 2021.3.1\jbr\bin\jli.dll
0x00007fffc8d30000 - 0x00007fffc8ed0000 	C:\WINDOWS\System32\USER32.dll
0x00007fffc6a80000 - 0x00007fffc6aa2000 	C:\WINDOWS\System32\win32u.dll
0x00007fffc7230000 - 0x00007fffc725b000 	C:\WINDOWS\System32\GDI32.dll
0x00007fffb77d0000 - 0x00007fffb7a6a000 	C:\WINDOWS\WinSxS\amd64_microsoft.windows.common-controls_6595b64144ccf1df_6.0.19041.1110_none_60b5254171f9507e\COMCTL32.dll
0x00007fffc6c60000 - 0x00007fffc6d6b000 	C:\WINDOWS\System32\gdi32full.dll
0x00007fffc7930000 - 0x00007fffc79ce000 	C:\WINDOWS\System32\msvcrt.dll
0x00007fffc6d70000 - 0x00007fffc6e0d000 	C:\WINDOWS\System32\msvcp_win.dll
0x00007fffc8120000 - 0x00007fffc8150000 	C:\WINDOWS\System32\IMM32.DLL
0x00007fffa3ba0000 - 0x00007fffa3c3d000 	C:\Program Files\JetBrains\PyCharm 2021.3.1\jbr\bin\msvcp140.dll
0x00007fff866a0000 - 0x00007fff87216000 	C:\Program Files\JetBrains\PyCharm 2021.3.1\jbr\bin\server\jvm.dll
0x00007fffc77c0000 - 0x00007fffc786e000 	C:\WINDOWS\System32\ADVAPI32.dll
0x00007fffc6f70000 - 0x00007fffc700c000 	C:\WINDOWS\System32\sechost.dll
0x00007fffc8900000 - 0x00007fffc8a25000 	C:\WINDOWS\System32\RPCRT4.dll
0x00007fffc75c0000 - 0x00007fffc75c8000 	C:\WINDOWS\System32\PSAPI.DLL
0x00007fffb9f10000 - 0x00007fffb9f37000 	C:\WINDOWS\SYSTEM32\WINMM.dll
0x00007fffc5420000 - 0x00007fffc542a000 	C:\WINDOWS\SYSTEM32\VERSION.dll
0x00007fffb24f0000 - 0x00007fffb24f9000 	C:\WINDOWS\SYSTEM32\WSOCK32.dll
0x00007fffc82f0000 - 0x00007fffc835b000 	C:\WINDOWS\System32\WS2_32.dll
0x00007fffc53e0000 - 0x00007fffc53f2000 	C:\WINDOWS\SYSTEM32\kernel.appcore.dll
0x00007fffb83e0000 - 0x00007fffb83f1000 	C:\Program Files\JetBrains\PyCharm 2021.3.1\jbr\bin\verify.dll
0x00007fffb47e0000 - 0x00007fffb49c4000 	C:\WINDOWS\SYSTEM32\DBGHELP.DLL
0x00007fffb45d0000 - 0x00007fffb45fc000 	C:\WINDOWS\SYSTEM32\dbgcore.DLL
0x00007fffc69c0000 - 0x00007fffc6a42000 	C:\WINDOWS\System32\bcryptPrimitives.dll
0x00007fffb83b0000 - 0x00007fffb83d9000 	C:\Program Files\JetBrains\PyCharm 2021.3.1\jbr\bin\java.dll
0x00007fffc3ae0000 - 0x00007fffc3aeb000 	C:\Program Files\JetBrains\PyCharm 2021.3.1\jbr\bin\jimage.dll
0x00007fffb8390000 - 0x00007fffb83a8000 	C:\Program Files\JetBrains\PyCharm 2021.3.1\jbr\bin\zip.dll

dbghelp: loaded successfully - version: 4.0.5 - missing functions: none
symbol engine: initialized successfully - sym options: 0x614 - pdb path: .;C:\Program Files\JetBrains\PyCharm 2021.3.1\jbr\bin;C:\WINDOWS\SYSTEM32;C:\WINDOWS\WinSxS\amd64_microsoft.windows.common-controls_6595b64144ccf1df_6.0.19041.1110_none_60b5254171f9507e;C:\Program Files\JetBrains\PyCharm 2021.3.1\jbr\bin\server

VM Arguments:
java_command: git4idea.http.GitAskPassApp Username for 'https://github.com': 
java_class_path (initial): C:/Program Files/JetBrains/PyCharm 2021.3.1/plugins/git4idea/lib/git4idea-rt.jar;C:/Program Files/JetBrains/PyCharm 2021.3.1/lib/3rd-party.jar;C:/Program Files/JetBrains/PyCharm 2021.3.1/lib/3rd-party-rt.jar
Launcher Type: SUN_STANDARD

[Global flags]
     intx CICompilerCount                          = 3                                         {product} {ergonomic}
     uint ConcGCThreads                            = 1                                         {product} {ergonomic}
     uint G1ConcRefinementThreads                  = 4                                         {product} {ergonomic}
   size_t G1HeapRegionSize                         = 1048576                                   {product} {ergonomic}
    uintx GCDrainStackTargetSize                   = 64                                        {product} {ergonomic}
   size_t InitialHeapSize                          = 134217728                                 {product} {ergonomic}
   size_t MarkStackSize                            = 4194304                                   {product} {ergonomic}
   size_t MaxHeapSize                              = 2126512128                                {product} {ergonomic}
   size_t MinHeapDeltaBytes                        = 1048576                                   {product} {ergonomic}
    uintx NonNMethodCodeHeapSize                   = 5830732                                {pd product} {ergonomic}
    uintx NonProfiledCodeHeapSize                  = 122913754                              {pd product} {ergonomic}
    uintx ProfiledCodeHeapSize                     = 122913754                              {pd product} {ergonomic}
    uintx ReservedCodeCacheSize                    = 251658240                              {pd product} {ergonomic}
     bool SegmentedCodeCache                       = true                                      {product} {ergonomic}
     bool UseCompressedClassPointers               = true                                 {lp64_product} {ergonomic}
     bool UseCompressedOops                        = true                                 {lp64_product} {ergonomic}
     bool UseG1GC                                  = true                                      {product} {ergonomic}
     bool UseLargePagesIndividualAllocation        = false                                  {pd product} {ergonomic}

Logging:
Log output configuration:
 #0: stdout all=warning uptime,level,tags
 #1: stderr all=off uptime,level,tags

Environment Variables:
JAVA_HOME=C:\Program Files\Java\jdk1.8.0_251
PATH=C:/Program Files/Git/mingw64/libexec/git-core;C:/Program Files/Git/mingw64/libexec/git-core;C:\Program Files\Git\mingw64\bin;C:\Program Files\Git\usr\bin;C:\Users\nkpat\bin;C:\Users\nkpat\PycharmProjects\Stocks\venv\Scripts;C:\Users\nkpat\AppData\Local\Programs\Python\Python39\Scripts\;C:\Users\nkpat\AppData\Local\Programs\Python\Python39\;C:\Program Files\Python39\Scripts\;C:\Program Files\Python39\;C:\MinGW\bin;C:\Users\nkpat\AppData\Local\Microsoft\WindowsApps\PythonSoftwareFoundation.Python.3.9_qbz5n2kfra8p0\;C:\Program Files\Java\jdk1.8.0_251\bin;C:\Program Files (x86)\Common Files\Oracle\Java\javapath;C:\ProgramData\Oracle\Java\javapath;C:\WINDOWS\system32;C:\WINDOWS;C:\WINDOWS\System32\Wbem;C:\WINDOWS\System32\WindowsPowerShell\v1.0\;C:\Program Files (x86)\Skype\Phone\;C:\Program Files\Intel\WiFi\bin\;C:\Program Files\Common Files\Intel\WirelessCommon\;C:\WINDOWS\System32\OpenSSH\;C:\Program Files\dotnet\;C:\Program Files (x86)\Brackets\command;C:\Program Files\nodejs\;C:\ProgramData\chocolatey\bin;C:\Users\nkpat\AppData\Local\Android\Sdk\platform-tools;C:\Users\nkpat\AppData\Local\Android\Sdk\tools;C:\Users\nkpat\AppData\Roaming\npm;C:\Program Files\MATLAB\R2021a\bin;C:\Program Files\Microsoft SQL Server\Client SDK\ODBC\170\Tools\Binn\;C:\Program Files (x86)\Microsoft SQL Server\150\Tools\Binn\;C:\Program Files\Microsoft SQL Server\150\Tools\Binn\;C:\Program Files\Microsoft SQL Server\150\DTS\Binn\;C:\Program Files (x86)\Microsoft SQL Server\150\DTS\Binn\;C:\Program Files\Azure Data Studio\bin;C:\Program Files\Git\cmd;C:\Users\nkpat\AppData\Local\Microsoft\WindowsApps;C:\Program Files\Java\jdk1.8.0_251\bin;C:\Users\nkpat\AppData\Local\Programs\Microsoft VS Code\bin;C:\Users\nkpat\AppData\Roaming\npm;C:\Users\nkpat\AppData\Local\Android\Sdk\platforms-tools;C:\Users\hardi\AppData\Local\Android\Sdk\tools;C:\Users\nkpat\.dotnet\tools;C:\Program Files\Azure Data Studio\bin;C:\Spark\spark-3.2.0-bin-hadoop3.2\bin;C:\hadoop\bin;C:\Program Files\Java\jdk1.8.0_251\b
USERNAME=nkpat
DISPLAY=:0.0
LC_ALL=en_US.UTF-8
OS=Windows_NT
PROCESSOR_IDENTIFIER=Intel64 Family 6 Model 69 Stepping 1, GenuineIntel



---------------  S Y S T E M  ---------------

OS: Windows 10 , 64 bit Build 19041 (10.0.19041.1566)
OS uptime: 4 days 0:49 hours

CPU:total 4 (initial active 4) (2 cores per cpu, 2 threads per core) family 6 model 69 stepping 1 microcode 0x25, cmov, cx8, fxsr, mmx, sse, sse2, sse3, ssse3, sse4.1, sse4.2, popcnt, avx, avx2, aes, clmul, erms, lzcnt, ht, tsc, tscinvbit, bmi1, bmi2, fma

Memory: 4k page, system-wide physical 8108M (535M free)
TotalPageFile size 8108M (AvailPageFile size 117M)
current process WorkingSet (physical memory assigned to process): 9M, peak: 9M
current process commit charge ("private bytes"): 51M, peak: 179M

vm_info: OpenJDK 64-Bit Server VM (11.0.13+7-b1751.21) for windows-amd64 JRE (11.0.13+7-b1751.21), built on Nov 30 2021 02:32:50 by "" with MS VC++ 14.0 (VS2015)

END.
